2025-04-29 12:02:38,714 [Worker-0: Loading available Gradle versions] INFO  o.e.b.c.i.u.g.PublishedGradleVersions - Gradle version information cache is not available. Remote download required.
2025-04-30 11:49:34,535 [Worker-7: Launching mavenrun-ff45335b-7252-4c60-9c2d-ea124fa07529] INFO  o.eclipse.m2e.core.internal.Bundles - getClasspathEntries(Bundle=org.eclipse.m2e.maven.runtime_3.9.900.20250220-2013 [637])
2025-04-30 11:49:34,542 [Worker-7: Launching mavenrun-ff45335b-7252-4c60-9c2d-ea124fa07529] INFO  o.eclipse.m2e.core.internal.Bundles - 	Entry: C:\Users\ramkumar\.p2\pool\plugins\org.eclipse.m2e.maven.runtime_3.9.900.20250220-2013
2025-04-30 11:49:34,542 [Worker-7: Launching mavenrun-ff45335b-7252-4c60-9c2d-ea124fa07529] INFO  o.eclipse.m2e.core.internal.Bundles - 	Entry: C:\Users\ramkumar\.p2\pool\plugins\org.eclipse.m2e.maven.runtime_3.9.900.20250220-2013\jars\aopalliance-1.0.jar
2025-04-30 11:49:34,543 [Worker-7: Launching mavenrun-ff45335b-7252-4c60-9c2d-ea124fa07529] INFO  o.eclipse.m2e.core.internal.Bundles - 	Entry: C:\Users\ramkumar\.p2\pool\plugins\org.eclipse.m2e.maven.runtime_3.9.900.20250220-2013\jars\guice-5.1.0.jar
2025-04-30 11:49:34,544 [Worker-7: Launching mavenrun-ff45335b-7252-4c60-9c2d-ea124fa07529] INFO  o.eclipse.m2e.core.internal.Bundles - 	Entry: C:\Users\ramkumar\.p2\pool\plugins\org.eclipse.m2e.maven.runtime_3.9.900.20250220-2013\jars\httpclient-4.5.14.jar
2025-04-30 11:49:34,544 [Worker-7: Launching mavenrun-ff45335b-7252-4c60-9c2d-ea124fa07529] INFO  o.eclipse.m2e.core.internal.Bundles - 	Entry: C:\Users\ramkumar\.p2\pool\plugins\org.eclipse.m2e.maven.runtime_3.9.900.20250220-2013\jars\httpcore-4.4.16.jar
2025-04-30 11:49:34,545 [Worker-7: Launching mavenrun-ff45335b-7252-4c60-9c2d-ea124fa07529] INFO  o.eclipse.m2e.core.internal.Bundles - 	Entry: C:\Users\ramkumar\.p2\pool\plugins\org.eclipse.m2e.maven.runtime_3.9.900.20250220-2013\jars\jansi-2.4.1.jar
2025-04-30 11:49:34,545 [Worker-7: Launching mavenrun-ff45335b-7252-4c60-9c2d-ea124fa07529] INFO  o.eclipse.m2e.core.internal.Bundles - 	Entry: C:\Users\ramkumar\.p2\pool\plugins\org.eclipse.m2e.maven.runtime_3.9.900.20250220-2013\jars\jcl-over-slf4j-1.7.36.jar
2025-04-30 11:49:34,545 [Worker-7: Launching mavenrun-ff45335b-7252-4c60-9c2d-ea124fa07529] INFO  o.eclipse.m2e.core.internal.Bundles - 	Entry: C:\Users\ramkumar\.p2\pool\plugins\org.eclipse.m2e.maven.runtime_3.9.900.20250220-2013\jars\maven-artifact-3.9.9.jar
2025-04-30 11:49:34,546 [Worker-7: Launching mavenrun-ff45335b-7252-4c60-9c2d-ea124fa07529] INFO  o.eclipse.m2e.core.internal.Bundles - 	Entry: C:\Users\ramkumar\.p2\pool\plugins\org.eclipse.m2e.maven.runtime_3.9.900.20250220-2013\jars\maven-builder-support-3.9.9.jar
2025-04-30 11:49:34,546 [Worker-7: Launching mavenrun-ff45335b-7252-4c60-9c2d-ea124fa07529] INFO  o.eclipse.m2e.core.internal.Bundles - 	Entry: C:\Users\ramkumar\.p2\pool\plugins\org.eclipse.m2e.maven.runtime_3.9.900.20250220-2013\jars\maven-compat-3.9.9.jar
2025-04-30 11:49:34,546 [Worker-7: Launching mavenrun-ff45335b-7252-4c60-9c2d-ea124fa07529] INFO  o.eclipse.m2e.core.internal.Bundles - 	Entry: C:\Users\ramkumar\.p2\pool\plugins\org.eclipse.m2e.maven.runtime_3.9.900.20250220-2013\jars\maven-core-3.9.9.jar
2025-04-30 11:49:34,547 [Worker-7: Launching mavenrun-ff45335b-7252-4c60-9c2d-ea124fa07529] INFO  o.eclipse.m2e.core.internal.Bundles - 	Entry: C:\Users\ramkumar\.p2\pool\plugins\org.eclipse.m2e.maven.runtime_3.9.900.20250220-2013\jars\maven-embedder-3.9.9.jar
2025-04-30 11:49:34,547 [Worker-7: Launching mavenrun-ff45335b-7252-4c60-9c2d-ea124fa07529] INFO  o.eclipse.m2e.core.internal.Bundles - 	Entry: C:\Users\ramkumar\.p2\pool\plugins\org.eclipse.m2e.maven.runtime_3.9.900.20250220-2013\jars\maven-model-3.9.9.jar
2025-04-30 11:49:34,547 [Worker-7: Launching mavenrun-ff45335b-7252-4c60-9c2d-ea124fa07529] INFO  o.eclipse.m2e.core.internal.Bundles - 	Entry: C:\Users\ramkumar\.p2\pool\plugins\org.eclipse.m2e.maven.runtime_3.9.900.20250220-2013\jars\maven-model-builder-3.9.9.jar
2025-04-30 11:49:34,548 [Worker-7: Launching mavenrun-ff45335b-7252-4c60-9c2d-ea124fa07529] INFO  o.eclipse.m2e.core.internal.Bundles - 	Entry: C:\Users\ramkumar\.p2\pool\plugins\org.eclipse.m2e.maven.runtime_3.9.900.20250220-2013\jars\maven-plugin-api-3.9.9.jar
2025-04-30 11:49:34,548 [Worker-7: Launching mavenrun-ff45335b-7252-4c60-9c2d-ea124fa07529] INFO  o.eclipse.m2e.core.internal.Bundles - 	Entry: C:\Users\ramkumar\.p2\pool\plugins\org.eclipse.m2e.maven.runtime_3.9.900.20250220-2013\jars\maven-repository-metadata-3.9.9.jar
2025-04-30 11:49:34,549 [Worker-7: Launching mavenrun-ff45335b-7252-4c60-9c2d-ea124fa07529] INFO  o.eclipse.m2e.core.internal.Bundles - 	Entry: C:\Users\ramkumar\.p2\pool\plugins\org.eclipse.m2e.maven.runtime_3.9.900.20250220-2013\jars\maven-resolver-api-1.9.22.jar
2025-04-30 11:49:34,549 [Worker-7: Launching mavenrun-ff45335b-7252-4c60-9c2d-ea124fa07529] INFO  o.eclipse.m2e.core.internal.Bundles - 	Entry: C:\Users\ramkumar\.p2\pool\plugins\org.eclipse.m2e.maven.runtime_3.9.900.20250220-2013\jars\maven-resolver-connector-basic-1.9.22.jar
2025-04-30 11:49:34,549 [Worker-7: Launching mavenrun-ff45335b-7252-4c60-9c2d-ea124fa07529] INFO  o.eclipse.m2e.core.internal.Bundles - 	Entry: C:\Users\ramkumar\.p2\pool\plugins\org.eclipse.m2e.maven.runtime_3.9.900.20250220-2013\jars\maven-resolver-impl-1.9.22.jar
2025-04-30 11:49:34,550 [Worker-7: Launching mavenrun-ff45335b-7252-4c60-9c2d-ea124fa07529] INFO  o.eclipse.m2e.core.internal.Bundles - 	Entry: C:\Users\ramkumar\.p2\pool\plugins\org.eclipse.m2e.maven.runtime_3.9.900.20250220-2013\jars\maven-resolver-named-locks-1.9.22.jar
2025-04-30 11:49:34,551 [Worker-7: Launching mavenrun-ff45335b-7252-4c60-9c2d-ea124fa07529] INFO  o.eclipse.m2e.core.internal.Bundles - 	Entry: C:\Users\ramkumar\.p2\pool\plugins\org.eclipse.m2e.maven.runtime_3.9.900.20250220-2013\jars\maven-resolver-provider-3.9.9.jar
2025-04-30 11:49:34,551 [Worker-7: Launching mavenrun-ff45335b-7252-4c60-9c2d-ea124fa07529] INFO  o.eclipse.m2e.core.internal.Bundles - 	Entry: C:\Users\ramkumar\.p2\pool\plugins\org.eclipse.m2e.maven.runtime_3.9.900.20250220-2013\jars\maven-resolver-spi-1.9.22.jar
2025-04-30 11:49:34,551 [Worker-7: Launching mavenrun-ff45335b-7252-4c60-9c2d-ea124fa07529] INFO  o.eclipse.m2e.core.internal.Bundles - 	Entry: C:\Users\ramkumar\.p2\pool\plugins\org.eclipse.m2e.maven.runtime_3.9.900.20250220-2013\jars\maven-resolver-transport-file-1.9.22.jar
2025-04-30 11:49:34,552 [Worker-7: Launching mavenrun-ff45335b-7252-4c60-9c2d-ea124fa07529] INFO  o.eclipse.m2e.core.internal.Bundles - 	Entry: C:\Users\ramkumar\.p2\pool\plugins\org.eclipse.m2e.maven.runtime_3.9.900.20250220-2013\jars\maven-resolver-transport-http-1.9.22.jar
2025-04-30 11:49:34,552 [Worker-7: Launching mavenrun-ff45335b-7252-4c60-9c2d-ea124fa07529] INFO  o.eclipse.m2e.core.internal.Bundles - 	Entry: C:\Users\ramkumar\.p2\pool\plugins\org.eclipse.m2e.maven.runtime_3.9.900.20250220-2013\jars\maven-resolver-transport-wagon-1.9.22.jar
2025-04-30 11:49:34,553 [Worker-7: Launching mavenrun-ff45335b-7252-4c60-9c2d-ea124fa07529] INFO  o.eclipse.m2e.core.internal.Bundles - 	Entry: C:\Users\ramkumar\.p2\pool\plugins\org.eclipse.m2e.maven.runtime_3.9.900.20250220-2013\jars\maven-resolver-util-1.9.22.jar
2025-04-30 11:49:34,553 [Worker-7: Launching mavenrun-ff45335b-7252-4c60-9c2d-ea124fa07529] INFO  o.eclipse.m2e.core.internal.Bundles - 	Entry: C:\Users\ramkumar\.p2\pool\plugins\org.eclipse.m2e.maven.runtime_3.9.900.20250220-2013\jars\maven-settings-3.9.9.jar
2025-04-30 11:49:34,554 [Worker-7: Launching mavenrun-ff45335b-7252-4c60-9c2d-ea124fa07529] INFO  o.eclipse.m2e.core.internal.Bundles - 	Entry: C:\Users\ramkumar\.p2\pool\plugins\org.eclipse.m2e.maven.runtime_3.9.900.20250220-2013\jars\maven-settings-builder-3.9.9.jar
2025-04-30 11:49:34,554 [Worker-7: Launching mavenrun-ff45335b-7252-4c60-9c2d-ea124fa07529] INFO  o.eclipse.m2e.core.internal.Bundles - 	Entry: C:\Users\ramkumar\.p2\pool\plugins\org.eclipse.m2e.maven.runtime_3.9.900.20250220-2013\jars\maven-shared-utils-3.4.2.jar
2025-04-30 11:49:34,555 [Worker-7: Launching mavenrun-ff45335b-7252-4c60-9c2d-ea124fa07529] INFO  o.eclipse.m2e.core.internal.Bundles - 	Entry: C:\Users\ramkumar\.p2\pool\plugins\org.eclipse.m2e.maven.runtime_3.9.900.20250220-2013\jars\org.eclipse.sisu.inject-0.9.0.M3.jar
2025-04-30 11:49:34,555 [Worker-7: Launching mavenrun-ff45335b-7252-4c60-9c2d-ea124fa07529] INFO  o.eclipse.m2e.core.internal.Bundles - 	Entry: C:\Users\ramkumar\.p2\pool\plugins\org.eclipse.m2e.maven.runtime_3.9.900.20250220-2013\jars\org.eclipse.sisu.plexus-0.9.0.M3.jar
2025-04-30 11:49:34,556 [Worker-7: Launching mavenrun-ff45335b-7252-4c60-9c2d-ea124fa07529] INFO  o.eclipse.m2e.core.internal.Bundles - 	Entry: C:\Users\ramkumar\.p2\pool\plugins\org.eclipse.m2e.maven.runtime_3.9.900.20250220-2013\jars\plexus-build-api-0.0.7.jar
2025-04-30 11:49:34,556 [Worker-7: Launching mavenrun-ff45335b-7252-4c60-9c2d-ea124fa07529] INFO  o.eclipse.m2e.core.internal.Bundles - 	Entry: C:\Users\ramkumar\.p2\pool\plugins\org.eclipse.m2e.maven.runtime_3.9.900.20250220-2013\jars\plexus-build-api-1.2.0.jar
2025-04-30 11:49:34,557 [Worker-7: Launching mavenrun-ff45335b-7252-4c60-9c2d-ea124fa07529] INFO  o.eclipse.m2e.core.internal.Bundles - 	Entry: C:\Users\ramkumar\.p2\pool\plugins\org.eclipse.m2e.maven.runtime_3.9.900.20250220-2013\jars\plexus-cipher-2.0.jar
2025-04-30 11:49:34,557 [Worker-7: Launching mavenrun-ff45335b-7252-4c60-9c2d-ea124fa07529] INFO  o.eclipse.m2e.core.internal.Bundles - 	Entry: C:\Users\ramkumar\.p2\pool\plugins\org.eclipse.m2e.maven.runtime_3.9.900.20250220-2013\jars\plexus-classworlds-2.8.0.jar
2025-04-30 11:49:34,557 [Worker-7: Launching mavenrun-ff45335b-7252-4c60-9c2d-ea124fa07529] INFO  o.eclipse.m2e.core.internal.Bundles - 	Entry: C:\Users\ramkumar\.p2\pool\plugins\org.eclipse.m2e.maven.runtime_3.9.900.20250220-2013\jars\plexus-component-annotations-2.1.0.jar
2025-04-30 11:49:34,558 [Worker-7: Launching mavenrun-ff45335b-7252-4c60-9c2d-ea124fa07529] INFO  o.eclipse.m2e.core.internal.Bundles - 	Entry: C:\Users\ramkumar\.p2\pool\plugins\org.eclipse.m2e.maven.runtime_3.9.900.20250220-2013\jars\plexus-interpolation-1.27.jar
2025-04-30 11:49:34,558 [Worker-7: Launching mavenrun-ff45335b-7252-4c60-9c2d-ea124fa07529] INFO  o.eclipse.m2e.core.internal.Bundles - 	Entry: C:\Users\ramkumar\.p2\pool\plugins\org.eclipse.m2e.maven.runtime_3.9.900.20250220-2013\jars\plexus-sec-dispatcher-2.0.jar
2025-04-30 11:49:34,559 [Worker-7: Launching mavenrun-ff45335b-7252-4c60-9c2d-ea124fa07529] INFO  o.eclipse.m2e.core.internal.Bundles - 	Entry: C:\Users\ramkumar\.p2\pool\plugins\org.eclipse.m2e.maven.runtime_3.9.900.20250220-2013\jars\plexus-utils-3.5.1.jar
2025-04-30 11:49:34,559 [Worker-7: Launching mavenrun-ff45335b-7252-4c60-9c2d-ea124fa07529] INFO  o.eclipse.m2e.core.internal.Bundles - 	Entry: C:\Users\ramkumar\.p2\pool\plugins\org.eclipse.m2e.maven.runtime_3.9.900.20250220-2013\jars\plexus-xml-3.0.1.jar
2025-04-30 11:49:34,559 [Worker-7: Launching mavenrun-ff45335b-7252-4c60-9c2d-ea124fa07529] INFO  o.eclipse.m2e.core.internal.Bundles - 	Entry: C:\Users\ramkumar\.p2\pool\plugins\org.eclipse.m2e.maven.runtime_3.9.900.20250220-2013\jars\wagon-file-3.5.3.jar
2025-04-30 11:49:34,560 [Worker-7: Launching mavenrun-ff45335b-7252-4c60-9c2d-ea124fa07529] INFO  o.eclipse.m2e.core.internal.Bundles - 	Entry: C:\Users\ramkumar\.p2\pool\plugins\org.eclipse.m2e.maven.runtime_3.9.900.20250220-2013\jars\wagon-http-3.5.3.jar
2025-04-30 11:49:34,560 [Worker-7: Launching mavenrun-ff45335b-7252-4c60-9c2d-ea124fa07529] INFO  o.eclipse.m2e.core.internal.Bundles - 	Entry: C:\Users\ramkumar\.p2\pool\plugins\org.eclipse.m2e.maven.runtime_3.9.900.20250220-2013\jars\wagon-http-shared-3.5.3.jar
2025-04-30 11:49:34,560 [Worker-7: Launching mavenrun-ff45335b-7252-4c60-9c2d-ea124fa07529] INFO  o.eclipse.m2e.core.internal.Bundles - 	Entry: C:\Users\ramkumar\.p2\pool\plugins\org.eclipse.m2e.maven.runtime_3.9.900.20250220-2013\jars\wagon-provider-api-3.5.3.jar
2025-04-30 11:49:34,566 [Worker-7: Launching mavenrun-ff45335b-7252-4c60-9c2d-ea124fa07529] INFO  o.eclipse.m2e.core.internal.Bundles - getClasspathEntries(Bundle=com.google.guava_33.4.0.jre [16])
2025-04-30 11:49:34,567 [Worker-7: Launching mavenrun-ff45335b-7252-4c60-9c2d-ea124fa07529] INFO  o.eclipse.m2e.core.internal.Bundles - 	Entry: C:\Users\ramkumar\.p2\pool\plugins\com.google.guava_33.4.0.jre.jar
2025-04-30 11:49:34,567 [Worker-7: Launching mavenrun-ff45335b-7252-4c60-9c2d-ea124fa07529] INFO  o.eclipse.m2e.core.internal.Bundles - getClasspathEntries(Bundle=slf4j.api_2.0.17 [1004])
2025-04-30 11:49:34,568 [Worker-7: Launching mavenrun-ff45335b-7252-4c60-9c2d-ea124fa07529] INFO  o.eclipse.m2e.core.internal.Bundles - 	Entry: C:\Users\ramkumar\.p2\pool\plugins\slf4j.api_2.0.17.jar
2025-04-30 11:49:34,568 [Worker-7: Launching mavenrun-ff45335b-7252-4c60-9c2d-ea124fa07529] INFO  o.eclipse.m2e.core.internal.Bundles - getClasspathEntries(Bundle=jakarta.inject.jakarta.inject-api_1.0.5 [34])
2025-04-30 11:49:34,569 [Worker-7: Launching mavenrun-ff45335b-7252-4c60-9c2d-ea124fa07529] INFO  o.eclipse.m2e.core.internal.Bundles - 	Entry: C:\Users\ramkumar\.p2\pool\plugins\jakarta.inject.jakarta.inject-api_1.0.5.jar
2025-04-30 11:49:34,570 [Worker-7: Launching mavenrun-ff45335b-7252-4c60-9c2d-ea124fa07529] INFO  o.eclipse.m2e.core.internal.Bundles - getClasspathEntries(Bundle=jakarta.annotation-api_1.3.5 [29])
2025-04-30 11:49:34,572 [Worker-7: Launching mavenrun-ff45335b-7252-4c60-9c2d-ea124fa07529] INFO  o.eclipse.m2e.core.internal.Bundles - 	Entry: C:\Users\ramkumar\.p2\pool\plugins\jakarta.annotation-api_1.3.5.jar
2025-04-30 11:49:34,572 [Worker-7: Launching mavenrun-ff45335b-7252-4c60-9c2d-ea124fa07529] INFO  o.eclipse.m2e.core.internal.Bundles - getClasspathEntries(Bundle=org.apache.commons.cli_1.9.0 [74])
2025-04-30 11:49:34,573 [Worker-7: Launching mavenrun-ff45335b-7252-4c60-9c2d-ea124fa07529] INFO  o.eclipse.m2e.core.internal.Bundles - 	Entry: C:\Users\ramkumar\.p2\pool\plugins\org.apache.commons.cli_1.9.0.jar
2025-04-30 11:49:34,573 [Worker-7: Launching mavenrun-ff45335b-7252-4c60-9c2d-ea124fa07529] INFO  o.eclipse.m2e.core.internal.Bundles - getClasspathEntries(Bundle=org.apache.commons.commons-codec_1.16.0 [76])
2025-04-30 11:49:34,573 [Worker-7: Launching mavenrun-ff45335b-7252-4c60-9c2d-ea124fa07529] INFO  o.eclipse.m2e.core.internal.Bundles - 	Entry: C:\Users\ramkumar\.p2\pool\plugins\org.apache.commons.commons-codec_1.16.0.jar
2025-04-30 11:49:34,573 [Worker-7: Launching mavenrun-ff45335b-7252-4c60-9c2d-ea124fa07529] INFO  o.eclipse.m2e.core.internal.Bundles - getClasspathEntries(Bundle=com.google.guava.failureaccess_1.0.2 [17])
2025-04-30 11:49:34,574 [Worker-7: Launching mavenrun-ff45335b-7252-4c60-9c2d-ea124fa07529] INFO  o.eclipse.m2e.core.internal.Bundles - 	Entry: C:\Users\ramkumar\.p2\pool\plugins\com.google.guava.failureaccess_1.0.2.jar
2025-04-30 11:49:34,581 [Worker-7: Launching mavenrun-ff45335b-7252-4c60-9c2d-ea124fa07529] INFO  o.e.m.i.launch.MavenLaunchDelegate - Run build in "C:\Users\ramkumar\AppData\Local\Temp\m2e-archetypeGenerator4942966166004561893":
2025-04-30 11:49:34,589 [Worker-7: Launching mavenrun-ff45335b-7252-4c60-9c2d-ea124fa07529] INFO  o.e.m.i.launch.MavenLaunchDelegate -  mvn  -DarchetypeGroupId=org.apache.maven.archetypes -DarchetypeArtifactId=maven-archetype-quickstart -DarchetypeVersion=1.1 -DgroupId=com.spring -DartifactId=setterinjection -Dversion=0.0.1-SNAPSHOT -Dpackage=com.spring -DoutputDirectory=D:\sprin2.0 -Dstyle.color=always -U archetype:generate
2025-04-30 11:49:43,420 [Worker-2: Loading available Gradle versions] INFO  o.e.b.c.i.u.g.PublishedGradleVersions - Gradle version information cache is up-to-date. Trying to read.
2025-04-30 11:54:43,755 [ModalContext] INFO  o.e.m.c.i.e.AbstractTransferListenerAdapter - Downloaded https://repo.maven.apache.org/maven2/org/apache/maven/archetypes/maven-archetype-bundles/4/maven-archetype-bundles-4.pom
2025-04-30 11:57:12,365 [Worker-1: Launching mavenrun-355a34c0-61f3-4434-8562-73dc18630cba] INFO  o.eclipse.m2e.core.internal.Bundles - getClasspathEntries(Bundle=org.eclipse.m2e.maven.runtime_3.9.900.20250220-2013 [637])
2025-04-30 11:57:12,369 [Worker-1: Launching mavenrun-355a34c0-61f3-4434-8562-73dc18630cba] INFO  o.eclipse.m2e.core.internal.Bundles - 	Entry: C:\Users\ramkumar\.p2\pool\plugins\org.eclipse.m2e.maven.runtime_3.9.900.20250220-2013
2025-04-30 11:57:12,370 [Worker-1: Launching mavenrun-355a34c0-61f3-4434-8562-73dc18630cba] INFO  o.eclipse.m2e.core.internal.Bundles - 	Entry: C:\Users\ramkumar\.p2\pool\plugins\org.eclipse.m2e.maven.runtime_3.9.900.20250220-2013\jars\aopalliance-1.0.jar
2025-04-30 11:57:12,370 [Worker-1: Launching mavenrun-355a34c0-61f3-4434-8562-73dc18630cba] INFO  o.eclipse.m2e.core.internal.Bundles - 	Entry: C:\Users\ramkumar\.p2\pool\plugins\org.eclipse.m2e.maven.runtime_3.9.900.20250220-2013\jars\guice-5.1.0.jar
2025-04-30 11:57:12,371 [Worker-1: Launching mavenrun-355a34c0-61f3-4434-8562-73dc18630cba] INFO  o.eclipse.m2e.core.internal.Bundles - 	Entry: C:\Users\ramkumar\.p2\pool\plugins\org.eclipse.m2e.maven.runtime_3.9.900.20250220-2013\jars\httpclient-4.5.14.jar
2025-04-30 11:57:12,371 [Worker-1: Launching mavenrun-355a34c0-61f3-4434-8562-73dc18630cba] INFO  o.eclipse.m2e.core.internal.Bundles - 	Entry: C:\Users\ramkumar\.p2\pool\plugins\org.eclipse.m2e.maven.runtime_3.9.900.20250220-2013\jars\httpcore-4.4.16.jar
2025-04-30 11:57:12,372 [Worker-1: Launching mavenrun-355a34c0-61f3-4434-8562-73dc18630cba] INFO  o.eclipse.m2e.core.internal.Bundles - 	Entry: C:\Users\ramkumar\.p2\pool\plugins\org.eclipse.m2e.maven.runtime_3.9.900.20250220-2013\jars\jansi-2.4.1.jar
2025-04-30 11:57:12,372 [Worker-1: Launching mavenrun-355a34c0-61f3-4434-8562-73dc18630cba] INFO  o.eclipse.m2e.core.internal.Bundles - 	Entry: C:\Users\ramkumar\.p2\pool\plugins\org.eclipse.m2e.maven.runtime_3.9.900.20250220-2013\jars\jcl-over-slf4j-1.7.36.jar
2025-04-30 11:57:12,373 [Worker-1: Launching mavenrun-355a34c0-61f3-4434-8562-73dc18630cba] INFO  o.eclipse.m2e.core.internal.Bundles - 	Entry: C:\Users\ramkumar\.p2\pool\plugins\org.eclipse.m2e.maven.runtime_3.9.900.20250220-2013\jars\maven-artifact-3.9.9.jar
2025-04-30 11:57:12,373 [Worker-1: Launching mavenrun-355a34c0-61f3-4434-8562-73dc18630cba] INFO  o.eclipse.m2e.core.internal.Bundles - 	Entry: C:\Users\ramkumar\.p2\pool\plugins\org.eclipse.m2e.maven.runtime_3.9.900.20250220-2013\jars\maven-builder-support-3.9.9.jar
2025-04-30 11:57:12,374 [Worker-1: Launching mavenrun-355a34c0-61f3-4434-8562-73dc18630cba] INFO  o.eclipse.m2e.core.internal.Bundles - 	Entry: C:\Users\ramkumar\.p2\pool\plugins\org.eclipse.m2e.maven.runtime_3.9.900.20250220-2013\jars\maven-compat-3.9.9.jar
2025-04-30 11:57:12,374 [Worker-1: Launching mavenrun-355a34c0-61f3-4434-8562-73dc18630cba] INFO  o.eclipse.m2e.core.internal.Bundles - 	Entry: C:\Users\ramkumar\.p2\pool\plugins\org.eclipse.m2e.maven.runtime_3.9.900.20250220-2013\jars\maven-core-3.9.9.jar
2025-04-30 11:57:12,375 [Worker-1: Launching mavenrun-355a34c0-61f3-4434-8562-73dc18630cba] INFO  o.eclipse.m2e.core.internal.Bundles - 	Entry: C:\Users\ramkumar\.p2\pool\plugins\org.eclipse.m2e.maven.runtime_3.9.900.20250220-2013\jars\maven-embedder-3.9.9.jar
2025-04-30 11:57:12,375 [Worker-1: Launching mavenrun-355a34c0-61f3-4434-8562-73dc18630cba] INFO  o.eclipse.m2e.core.internal.Bundles - 	Entry: C:\Users\ramkumar\.p2\pool\plugins\org.eclipse.m2e.maven.runtime_3.9.900.20250220-2013\jars\maven-model-3.9.9.jar
2025-04-30 11:57:12,375 [Worker-1: Launching mavenrun-355a34c0-61f3-4434-8562-73dc18630cba] INFO  o.eclipse.m2e.core.internal.Bundles - 	Entry: C:\Users\ramkumar\.p2\pool\plugins\org.eclipse.m2e.maven.runtime_3.9.900.20250220-2013\jars\maven-model-builder-3.9.9.jar
2025-04-30 11:57:12,376 [Worker-1: Launching mavenrun-355a34c0-61f3-4434-8562-73dc18630cba] INFO  o.eclipse.m2e.core.internal.Bundles - 	Entry: C:\Users\ramkumar\.p2\pool\plugins\org.eclipse.m2e.maven.runtime_3.9.900.20250220-2013\jars\maven-plugin-api-3.9.9.jar
2025-04-30 11:57:12,377 [Worker-1: Launching mavenrun-355a34c0-61f3-4434-8562-73dc18630cba] INFO  o.eclipse.m2e.core.internal.Bundles - 	Entry: C:\Users\ramkumar\.p2\pool\plugins\org.eclipse.m2e.maven.runtime_3.9.900.20250220-2013\jars\maven-repository-metadata-3.9.9.jar
2025-04-30 11:57:12,378 [Worker-1: Launching mavenrun-355a34c0-61f3-4434-8562-73dc18630cba] INFO  o.eclipse.m2e.core.internal.Bundles - 	Entry: C:\Users\ramkumar\.p2\pool\plugins\org.eclipse.m2e.maven.runtime_3.9.900.20250220-2013\jars\maven-resolver-api-1.9.22.jar
2025-04-30 11:57:12,379 [Worker-1: Launching mavenrun-355a34c0-61f3-4434-8562-73dc18630cba] INFO  o.eclipse.m2e.core.internal.Bundles - 	Entry: C:\Users\ramkumar\.p2\pool\plugins\org.eclipse.m2e.maven.runtime_3.9.900.20250220-2013\jars\maven-resolver-connector-basic-1.9.22.jar
2025-04-30 11:57:12,382 [Worker-1: Launching mavenrun-355a34c0-61f3-4434-8562-73dc18630cba] INFO  o.eclipse.m2e.core.internal.Bundles - 	Entry: C:\Users\ramkumar\.p2\pool\plugins\org.eclipse.m2e.maven.runtime_3.9.900.20250220-2013\jars\maven-resolver-impl-1.9.22.jar
2025-04-30 11:57:12,383 [Worker-1: Launching mavenrun-355a34c0-61f3-4434-8562-73dc18630cba] INFO  o.eclipse.m2e.core.internal.Bundles - 	Entry: C:\Users\ramkumar\.p2\pool\plugins\org.eclipse.m2e.maven.runtime_3.9.900.20250220-2013\jars\maven-resolver-named-locks-1.9.22.jar
2025-04-30 11:57:12,384 [Worker-1: Launching mavenrun-355a34c0-61f3-4434-8562-73dc18630cba] INFO  o.eclipse.m2e.core.internal.Bundles - 	Entry: C:\Users\ramkumar\.p2\pool\plugins\org.eclipse.m2e.maven.runtime_3.9.900.20250220-2013\jars\maven-resolver-provider-3.9.9.jar
2025-04-30 11:57:12,384 [Worker-1: Launching mavenrun-355a34c0-61f3-4434-8562-73dc18630cba] INFO  o.eclipse.m2e.core.internal.Bundles - 	Entry: C:\Users\ramkumar\.p2\pool\plugins\org.eclipse.m2e.maven.runtime_3.9.900.20250220-2013\jars\maven-resolver-spi-1.9.22.jar
2025-04-30 11:57:12,385 [Worker-1: Launching mavenrun-355a34c0-61f3-4434-8562-73dc18630cba] INFO  o.eclipse.m2e.core.internal.Bundles - 	Entry: C:\Users\ramkumar\.p2\pool\plugins\org.eclipse.m2e.maven.runtime_3.9.900.20250220-2013\jars\maven-resolver-transport-file-1.9.22.jar
2025-04-30 11:57:12,386 [Worker-1: Launching mavenrun-355a34c0-61f3-4434-8562-73dc18630cba] INFO  o.eclipse.m2e.core.internal.Bundles - 	Entry: C:\Users\ramkumar\.p2\pool\plugins\org.eclipse.m2e.maven.runtime_3.9.900.20250220-2013\jars\maven-resolver-transport-http-1.9.22.jar
2025-04-30 11:57:12,386 [Worker-1: Launching mavenrun-355a34c0-61f3-4434-8562-73dc18630cba] INFO  o.eclipse.m2e.core.internal.Bundles - 	Entry: C:\Users\ramkumar\.p2\pool\plugins\org.eclipse.m2e.maven.runtime_3.9.900.20250220-2013\jars\maven-resolver-transport-wagon-1.9.22.jar
2025-04-30 11:57:12,386 [Worker-1: Launching mavenrun-355a34c0-61f3-4434-8562-73dc18630cba] INFO  o.eclipse.m2e.core.internal.Bundles - 	Entry: C:\Users\ramkumar\.p2\pool\plugins\org.eclipse.m2e.maven.runtime_3.9.900.20250220-2013\jars\maven-resolver-util-1.9.22.jar
2025-04-30 11:57:12,387 [Worker-1: Launching mavenrun-355a34c0-61f3-4434-8562-73dc18630cba] INFO  o.eclipse.m2e.core.internal.Bundles - 	Entry: C:\Users\ramkumar\.p2\pool\plugins\org.eclipse.m2e.maven.runtime_3.9.900.20250220-2013\jars\maven-settings-3.9.9.jar
2025-04-30 11:57:12,387 [Worker-1: Launching mavenrun-355a34c0-61f3-4434-8562-73dc18630cba] INFO  o.eclipse.m2e.core.internal.Bundles - 	Entry: C:\Users\ramkumar\.p2\pool\plugins\org.eclipse.m2e.maven.runtime_3.9.900.20250220-2013\jars\maven-settings-builder-3.9.9.jar
2025-04-30 11:57:12,387 [Worker-1: Launching mavenrun-355a34c0-61f3-4434-8562-73dc18630cba] INFO  o.eclipse.m2e.core.internal.Bundles - 	Entry: C:\Users\ramkumar\.p2\pool\plugins\org.eclipse.m2e.maven.runtime_3.9.900.20250220-2013\jars\maven-shared-utils-3.4.2.jar
2025-04-30 11:57:12,387 [Worker-1: Launching mavenrun-355a34c0-61f3-4434-8562-73dc18630cba] INFO  o.eclipse.m2e.core.internal.Bundles - 	Entry: C:\Users\ramkumar\.p2\pool\plugins\org.eclipse.m2e.maven.runtime_3.9.900.20250220-2013\jars\org.eclipse.sisu.inject-0.9.0.M3.jar
2025-04-30 11:57:12,388 [Worker-1: Launching mavenrun-355a34c0-61f3-4434-8562-73dc18630cba] INFO  o.eclipse.m2e.core.internal.Bundles - 	Entry: C:\Users\ramkumar\.p2\pool\plugins\org.eclipse.m2e.maven.runtime_3.9.900.20250220-2013\jars\org.eclipse.sisu.plexus-0.9.0.M3.jar
2025-04-30 11:57:12,388 [Worker-1: Launching mavenrun-355a34c0-61f3-4434-8562-73dc18630cba] INFO  o.eclipse.m2e.core.internal.Bundles - 	Entry: C:\Users\ramkumar\.p2\pool\plugins\org.eclipse.m2e.maven.runtime_3.9.900.20250220-2013\jars\plexus-build-api-0.0.7.jar
2025-04-30 11:57:12,389 [Worker-1: Launching mavenrun-355a34c0-61f3-4434-8562-73dc18630cba] INFO  o.eclipse.m2e.core.internal.Bundles - 	Entry: C:\Users\ramkumar\.p2\pool\plugins\org.eclipse.m2e.maven.runtime_3.9.900.20250220-2013\jars\plexus-build-api-1.2.0.jar
2025-04-30 11:57:12,389 [Worker-1: Launching mavenrun-355a34c0-61f3-4434-8562-73dc18630cba] INFO  o.eclipse.m2e.core.internal.Bundles - 	Entry: C:\Users\ramkumar\.p2\pool\plugins\org.eclipse.m2e.maven.runtime_3.9.900.20250220-2013\jars\plexus-cipher-2.0.jar
2025-04-30 11:57:12,389 [Worker-1: Launching mavenrun-355a34c0-61f3-4434-8562-73dc18630cba] INFO  o.eclipse.m2e.core.internal.Bundles - 	Entry: C:\Users\ramkumar\.p2\pool\plugins\org.eclipse.m2e.maven.runtime_3.9.900.20250220-2013\jars\plexus-classworlds-2.8.0.jar
2025-04-30 11:57:12,390 [Worker-1: Launching mavenrun-355a34c0-61f3-4434-8562-73dc18630cba] INFO  o.eclipse.m2e.core.internal.Bundles - 	Entry: C:\Users\ramkumar\.p2\pool\plugins\org.eclipse.m2e.maven.runtime_3.9.900.20250220-2013\jars\plexus-component-annotations-2.1.0.jar
2025-04-30 11:57:12,390 [Worker-1: Launching mavenrun-355a34c0-61f3-4434-8562-73dc18630cba] INFO  o.eclipse.m2e.core.internal.Bundles - 	Entry: C:\Users\ramkumar\.p2\pool\plugins\org.eclipse.m2e.maven.runtime_3.9.900.20250220-2013\jars\plexus-interpolation-1.27.jar
2025-04-30 11:57:12,391 [Worker-1: Launching mavenrun-355a34c0-61f3-4434-8562-73dc18630cba] INFO  o.eclipse.m2e.core.internal.Bundles - 	Entry: C:\Users\ramkumar\.p2\pool\plugins\org.eclipse.m2e.maven.runtime_3.9.900.20250220-2013\jars\plexus-sec-dispatcher-2.0.jar
2025-04-30 11:57:12,391 [Worker-1: Launching mavenrun-355a34c0-61f3-4434-8562-73dc18630cba] INFO  o.eclipse.m2e.core.internal.Bundles - 	Entry: C:\Users\ramkumar\.p2\pool\plugins\org.eclipse.m2e.maven.runtime_3.9.900.20250220-2013\jars\plexus-utils-3.5.1.jar
2025-04-30 11:57:12,392 [Worker-1: Launching mavenrun-355a34c0-61f3-4434-8562-73dc18630cba] INFO  o.eclipse.m2e.core.internal.Bundles - 	Entry: C:\Users\ramkumar\.p2\pool\plugins\org.eclipse.m2e.maven.runtime_3.9.900.20250220-2013\jars\plexus-xml-3.0.1.jar
2025-04-30 11:57:12,392 [Worker-1: Launching mavenrun-355a34c0-61f3-4434-8562-73dc18630cba] INFO  o.eclipse.m2e.core.internal.Bundles - 	Entry: C:\Users\ramkumar\.p2\pool\plugins\org.eclipse.m2e.maven.runtime_3.9.900.20250220-2013\jars\wagon-file-3.5.3.jar
2025-04-30 11:57:12,392 [Worker-1: Launching mavenrun-355a34c0-61f3-4434-8562-73dc18630cba] INFO  o.eclipse.m2e.core.internal.Bundles - 	Entry: C:\Users\ramkumar\.p2\pool\plugins\org.eclipse.m2e.maven.runtime_3.9.900.20250220-2013\jars\wagon-http-3.5.3.jar
2025-04-30 11:57:12,393 [Worker-1: Launching mavenrun-355a34c0-61f3-4434-8562-73dc18630cba] INFO  o.eclipse.m2e.core.internal.Bundles - 	Entry: C:\Users\ramkumar\.p2\pool\plugins\org.eclipse.m2e.maven.runtime_3.9.900.20250220-2013\jars\wagon-http-shared-3.5.3.jar
2025-04-30 11:57:12,393 [Worker-1: Launching mavenrun-355a34c0-61f3-4434-8562-73dc18630cba] INFO  o.eclipse.m2e.core.internal.Bundles - 	Entry: C:\Users\ramkumar\.p2\pool\plugins\org.eclipse.m2e.maven.runtime_3.9.900.20250220-2013\jars\wagon-provider-api-3.5.3.jar
2025-04-30 11:57:12,394 [Worker-1: Launching mavenrun-355a34c0-61f3-4434-8562-73dc18630cba] INFO  o.eclipse.m2e.core.internal.Bundles - getClasspathEntries(Bundle=com.google.guava_33.4.0.jre [16])
2025-04-30 11:57:12,395 [Worker-1: Launching mavenrun-355a34c0-61f3-4434-8562-73dc18630cba] INFO  o.eclipse.m2e.core.internal.Bundles - 	Entry: C:\Users\ramkumar\.p2\pool\plugins\com.google.guava_33.4.0.jre.jar
2025-04-30 11:57:12,395 [Worker-1: Launching mavenrun-355a34c0-61f3-4434-8562-73dc18630cba] INFO  o.eclipse.m2e.core.internal.Bundles - getClasspathEntries(Bundle=slf4j.api_2.0.17 [1004])
2025-04-30 11:57:12,396 [Worker-1: Launching mavenrun-355a34c0-61f3-4434-8562-73dc18630cba] INFO  o.eclipse.m2e.core.internal.Bundles - 	Entry: C:\Users\ramkumar\.p2\pool\plugins\slf4j.api_2.0.17.jar
2025-04-30 11:57:12,397 [Worker-1: Launching mavenrun-355a34c0-61f3-4434-8562-73dc18630cba] INFO  o.eclipse.m2e.core.internal.Bundles - getClasspathEntries(Bundle=jakarta.inject.jakarta.inject-api_1.0.5 [34])
2025-04-30 11:57:12,400 [Worker-1: Launching mavenrun-355a34c0-61f3-4434-8562-73dc18630cba] INFO  o.eclipse.m2e.core.internal.Bundles - 	Entry: C:\Users\ramkumar\.p2\pool\plugins\jakarta.inject.jakarta.inject-api_1.0.5.jar
2025-04-30 11:57:12,400 [Worker-1: Launching mavenrun-355a34c0-61f3-4434-8562-73dc18630cba] INFO  o.eclipse.m2e.core.internal.Bundles - getClasspathEntries(Bundle=jakarta.annotation-api_1.3.5 [29])
2025-04-30 11:57:12,400 [Worker-1: Launching mavenrun-355a34c0-61f3-4434-8562-73dc18630cba] INFO  o.eclipse.m2e.core.internal.Bundles - 	Entry: C:\Users\ramkumar\.p2\pool\plugins\jakarta.annotation-api_1.3.5.jar
2025-04-30 11:57:12,401 [Worker-1: Launching mavenrun-355a34c0-61f3-4434-8562-73dc18630cba] INFO  o.eclipse.m2e.core.internal.Bundles - getClasspathEntries(Bundle=org.apache.commons.cli_1.9.0 [74])
2025-04-30 11:57:12,401 [Worker-1: Launching mavenrun-355a34c0-61f3-4434-8562-73dc18630cba] INFO  o.eclipse.m2e.core.internal.Bundles - 	Entry: C:\Users\ramkumar\.p2\pool\plugins\org.apache.commons.cli_1.9.0.jar
2025-04-30 11:57:12,401 [Worker-1: Launching mavenrun-355a34c0-61f3-4434-8562-73dc18630cba] INFO  o.eclipse.m2e.core.internal.Bundles - getClasspathEntries(Bundle=org.apache.commons.commons-codec_1.16.0 [76])
2025-04-30 11:57:12,402 [Worker-1: Launching mavenrun-355a34c0-61f3-4434-8562-73dc18630cba] INFO  o.eclipse.m2e.core.internal.Bundles - 	Entry: C:\Users\ramkumar\.p2\pool\plugins\org.apache.commons.commons-codec_1.16.0.jar
2025-04-30 11:57:12,402 [Worker-1: Launching mavenrun-355a34c0-61f3-4434-8562-73dc18630cba] INFO  o.eclipse.m2e.core.internal.Bundles - getClasspathEntries(Bundle=com.google.guava.failureaccess_1.0.2 [17])
2025-04-30 11:57:12,403 [Worker-1: Launching mavenrun-355a34c0-61f3-4434-8562-73dc18630cba] INFO  o.eclipse.m2e.core.internal.Bundles - 	Entry: C:\Users\ramkumar\.p2\pool\plugins\com.google.guava.failureaccess_1.0.2.jar
